code/iBook/app/build/intermediates/manifest_merge_blame_file/debug/manifest-merger-blame-debug-report.txt
1<?xml version="1.0" encoding="utf-8"?>
2<manifest xmlns:android="http://schemas.android.com/apk/res/android"
3    package="com.example.ibook"
4    android:versionCode="1"
5    android:versionName="1.0" >
6
7    <uses-sdk
8        android:minSdkVersion="16"
8-->src\main\AndroidManifest.xml
9        android:targetSdkVersion="30" />
9-->src\main\AndroidManifest.xml
10
11    <uses-permission android:name="android.permission.INTERNET" />
11-->src\main\AndroidManifest.xml:8:5-67
11-->src\main\AndroidManifest.xml:8:22-64
12    <uses-permission android:name="android.permission.READ_PHONE_STATE" />
12-->src\main\AndroidManifest.xml:9:5-75
12-->src\main\AndroidManifest.xml:9:22-72
13    <uses-permission android:name="android.permission.CAMERA" />
13-->src\main\AndroidManifest.xml:10:5-64
13-->src\main\AndroidManifest.xml:10:22-62
14    <uses-permission android:name="android.permission.VIBRATE" />
14-->src\main\AndroidManifest.xml:11:5-65
14-->src\main\AndroidManifest.xml:11:22-63
15    <uses-permission android:name="android.permission.WRITE_EXTERNAL_STORAGE" />
15-->src\main\AndroidManifest.xml:12:5-80
15-->src\main\AndroidManifest.xml:12:22-78
16    <uses-permission android:name="android.permission.ACCESS_FINE_LOCATION" />
16-->src\main\AndroidManifest.xml:13:5-78
16-->src\main\AndroidManifest.xml:13:22-76
17    <uses-permission android:name="android.permission.ACCESS_COARSE_LOCATION" />
17-->src\main\AndroidManifest.xml:14:5-80
17-->src\main\AndroidManifest.xml:14:22-78
18
19    <uses-feature android:name="android.hardware.camera" />
19-->src\main\AndroidManifest.xml:16:5-59
19-->src\main\AndroidManifest.xml:16:19-57
20    <uses-feature android:name="android.hardware.camera.autofocus" />
20-->src\main\AndroidManifest.xml:17:5-69
20-->src\main\AndroidManifest.xml:17:19-67
21
22    <!-- Although the *SdkVersion is captured in gradle build files, this is required for non gradle builds -->
23    <!-- <uses-sdk android:minSdkVersion="14" /> -->
24    <uses-permission android:name="android.permission.ACCESS_NETWORK_STATE" />
24-->[com.google.firebase:firebase-firestore:22.0.0] AndroidManifest.xml:13:5-79
24-->[com.google.firebase:firebase-firestore:22.0.0] AndroidManifest.xml:13:22-76
25
26    <application
26-->src\main\AndroidManifest.xml:20:5-45:19
27        android:name="androidx.multidex.MultiDexApplication"
28        android:allowBackup="true"
28-->src\main\AndroidManifest.xml:21:9-35
29        android:appComponentFactory="androidx.core.app.CoreComponentFactory"
29-->[androidx.core:core:1.3.1] AndroidManifest.xml:24:18-86
30        android:debuggable="true"
31        android:icon="@mipmap/ic_launcher"
31-->src\main\AndroidManifest.xml:22:9-43
32        android:label="@string/app_name"
32-->src\main\AndroidManifest.xml:23:9-41
33        android:roundIcon="@mipmap/ic_launcher_round"
33-->src\main\AndroidManifest.xml:24:9-54
34        android:supportsRtl="true"
34-->src\main\AndroidManifest.xml:25:9-35
35        android:testOnly="true"
36        android:theme="@style/AppTheme" >
36-->src\main\AndroidManifest.xml:26:9-40
37        <meta-data
37-->src\main\AndroidManifest.xml:27:9-29:39
38            android:name="com.google.android.gms.vision.DEPENDENCIES"
38-->src\main\AndroidManifest.xml:28:13-70
39            android:value="barcode" />
39-->src\main\AndroidManifest.xml:29:13-36
40
41        <activity android:name="com.example.ibook.activities.AddMyBookActivity" />
41-->src\main\AndroidManifest.xml:30:9-66
41-->src\main\AndroidManifest.xml:30:19-63
42        <activity android:name="com.example.ibook.activities.AddBookActivity" />
42-->src\main\AndroidManifest.xml:31:9-64
42-->src\main\AndroidManifest.xml:31:19-61
43        <activity android:name="com.example.ibook.activities.ScanActivity" />
43-->src\main\AndroidManifest.xml:32:9-60
43-->src\main\AndroidManifest.xml:32:19-58
44        <activity android:name="com.example.ibook.activities.ViewBookActivity" />
44-->src\main\AndroidManifest.xml:33:9-35:45
44-->src\main\AndroidManifest.xml:34:13-56
45        <activity android:name="com.example.ibook.activities.SignUpActivity" />
45-->src\main\AndroidManifest.xml:36:9-63
45-->src\main\AndroidManifest.xml:36:19-60
46        <activity android:name="com.example.ibook.activities.MainActivity" >
46-->src\main\AndroidManifest.xml:37:9-43:20
46-->src\main\AndroidManifest.xml:37:19-58
47            <intent-filter>
47-->src\main\AndroidManifest.xml:38:13-42:29
48                <action android:name="android.intent.action.MAIN" />
48-->src\main\AndroidManifest.xml:39:17-69
48-->src\main\AndroidManifest.xml:39:25-66
49
50                <category android:name="android.intent.category.LAUNCHER" />
50-->src\main\AndroidManifest.xml:41:17-77
50-->src\main\AndroidManifest.xml:41:27-74
51            </intent-filter>
52        </activity>
53        <activity android:name="com.example.ibook.activities.PageActivity" />
53-->src\main\AndroidManifest.xml:44:9-61
53-->src\main\AndroidManifest.xml:44:19-58
54        <activity
54-->[com.karumi:dexter:6.2.1] AndroidManifest.xml:27:9-29:72
55            android:name="com.karumi.dexter.DexterActivity"
55-->[com.karumi:dexter:6.2.1] AndroidManifest.xml:28:13-60
56            android:theme="@style/Dexter.Internal.Theme.Transparent" />
56-->[com.karumi:dexter:6.2.1] AndroidManifest.xml:29:13-69
57
58        <service
58-->[com.google.firebase:firebase-firestore:22.0.0] AndroidManifest.xml:17:9-23:19
59            android:name="com.google.firebase.components.ComponentDiscoveryService"
59-->[com.google.firebase:firebase-firestore:22.0.0] AndroidManifest.xml:18:13-84
60            android:directBootAware="true"
60-->[com.google.firebase:firebase-common:19.3.1] AndroidManifest.xml:35:13-43
61            android:exported="false" >
61-->[com.google.firebase:firebase-firestore:22.0.0] AndroidManifest.xml:19:13-37
62            <meta-data
62-->[com.google.firebase:firebase-firestore:22.0.0] AndroidManifest.xml:20:13-22:85
63                android:name="com.google.firebase.components:com.google.firebase.firestore.FirestoreRegistrar"
63-->[com.google.firebase:firebase-firestore:22.0.0] AndroidManifest.xml:21:17-111
64                android:value="com.google.firebase.components.ComponentRegistrar" />
64-->[com.google.firebase:firebase-firestore:22.0.0] AndroidManifest.xml:22:17-82
65            <meta-data
65-->[com.google.firebase:firebase-auth:20.0.0] AndroidManifest.xml:85:13-87:85
66                android:name="com.google.firebase.components:com.google.firebase.auth.FirebaseAuthRegistrar"
66-->[com.google.firebase:firebase-auth:20.0.0] AndroidManifest.xml:86:17-109
67                android:value="com.google.firebase.components.ComponentRegistrar" />
67-->[com.google.firebase:firebase-auth:20.0.0] AndroidManifest.xml:87:17-82
68        </service>
69
70        <activity
70-->[com.google.firebase:firebase-auth:20.0.0] AndroidManifest.xml:27:9-34:50
71            android:name="com.google.firebase.auth.internal.FederatedSignInActivity"
71-->[com.google.firebase:firebase-auth:20.0.0] AndroidManifest.xml:28:13-85
72            android:excludeFromRecents="true"
72-->[com.google.firebase:firebase-auth:20.0.0] AndroidManifest.xml:29:13-46
73            android:exported="true"
73-->[com.google.firebase:firebase-auth:20.0.0] AndroidManifest.xml:30:13-36
74            android:launchMode="singleTask"
74-->[com.google.firebase:firebase-auth:20.0.0] AndroidManifest.xml:31:13-44
75            android:permission="com.google.firebase.auth.api.gms.permission.LAUNCH_FEDERATED_SIGN_IN"
75-->[com.google.firebase:firebase-auth:20.0.0] AndroidManifest.xml:32:13-102
76            android:theme="@android:style/Theme.Translucent.NoTitleBar" />
76-->[com.google.firebase:firebase-auth:20.0.0] AndroidManifest.xml:33:13-72
77        <activity
77-->[com.google.firebase:firebase-auth:20.0.0] AndroidManifest.xml:35:9-52:20
78            android:name="com.google.firebase.auth.internal.GenericIdpActivity"
78-->[com.google.firebase:firebase-auth:20.0.0] AndroidManifest.xml:36:13-80
79            android:excludeFromRecents="true"
79-->[com.google.firebase:firebase-auth:20.0.0] AndroidManifest.xml:37:13-46
80            android:exported="true"
80-->[com.google.firebase:firebase-auth:20.0.0] AndroidManifest.xml:38:13-36
81            android:launchMode="singleTask"
81-->[com.google.firebase:firebase-auth:20.0.0] AndroidManifest.xml:39:13-44
82            android:theme="@android:style/Theme.Translucent.NoTitleBar" >
82-->[com.google.firebase:firebase-auth:20.0.0] AndroidManifest.xml:40:13-72
83            <intent-filter>
83-->[com.google.firebase:firebase-auth:20.0.0] AndroidManifest.xml:41:13-51:29
84                <action android:name="android.intent.action.VIEW" />
84-->[com.google.firebase:firebase-auth:20.0.0] AndroidManifest.xml:42:17-69
84-->[com.google.firebase:firebase-auth:20.0.0] AndroidManifest.xml:42:25-66
85
86                <category android:name="android.intent.category.DEFAULT" />
86-->[com.google.firebase:firebase-auth:20.0.0] AndroidManifest.xml:44:17-76
86-->[com.google.firebase:firebase-auth:20.0.0] AndroidManifest.xml:44:27-73
87                <category android:name="android.intent.category.BROWSABLE" />
87-->[com.google.firebase:firebase-auth:20.0.0] AndroidManifest.xml:45:17-78
87-->[com.google.firebase:firebase-auth:20.0.0] AndroidManifest.xml:45:27-75
88
89                <data
89-->[com.google.firebase:firebase-auth:20.0.0] AndroidManifest.xml:47:17-50:51
90                    android:host="firebase.auth"
90-->[com.google.firebase:firebase-auth:20.0.0] AndroidManifest.xml:48:21-49
91                    android:path="/"
91-->[com.google.firebase:firebase-auth:20.0.0] AndroidManifest.xml:49:21-37
92                    android:scheme="genericidp" />
92-->[com.google.firebase:firebase-auth:20.0.0] AndroidManifest.xml:50:21-48
93            </intent-filter>
94        </activity>
95        <activity
95-->[com.google.firebase:firebase-auth:20.0.0] AndroidManifest.xml:53:9-70:20
96            android:name="com.google.firebase.auth.internal.RecaptchaActivity"
96-->[com.google.firebase:firebase-auth:20.0.0] AndroidManifest.xml:54:13-79
97            android:excludeFromRecents="true"
97-->[com.google.firebase:firebase-auth:20.0.0] AndroidManifest.xml:55:13-46
98            android:exported="true"
98-->[com.google.firebase:firebase-auth:20.0.0] AndroidManifest.xml:56:13-36
99            android:launchMode="singleTask"
99-->[com.google.firebase:firebase-auth:20.0.0] AndroidManifest.xml:57:13-44
100            android:theme="@android:style/Theme.Translucent.NoTitleBar" >
100-->[com.google.firebase:firebase-auth:20.0.0] AndroidManifest.xml:58:13-72
101            <intent-filter>
101-->[com.google.firebase:firebase-auth:20.0.0] AndroidManifest.xml:59:13-69:29
102                <action android:name="android.intent.action.VIEW" />
102-->[com.google.firebase:firebase-auth:20.0.0] AndroidManifest.xml:42:17-69
102-->[com.google.firebase:firebase-auth:20.0.0] AndroidManifest.xml:42:25-66
103
104                <category android:name="android.intent.category.DEFAULT" />
104-->[com.google.firebase:firebase-auth:20.0.0] AndroidManifest.xml:44:17-76
104-->[com.google.firebase:firebase-auth:20.0.0] AndroidManifest.xml:44:27-73
105                <category android:name="android.intent.category.BROWSABLE" />
105-->[com.google.firebase:firebase-auth:20.0.0] AndroidManifest.xml:45:17-78
105-->[com.google.firebase:firebase-auth:20.0.0] AndroidManifest.xml:45:27-75
106
107                <data
107-->[com.google.firebase:firebase-auth:20.0.0] AndroidManifest.xml:47:17-50:51
108                    android:host="firebase.auth"
108-->[com.google.firebase:firebase-auth:20.0.0] AndroidManifest.xml:48:21-49
109                    android:path="/"
109-->[com.google.firebase:firebase-auth:20.0.0] AndroidManifest.xml:49:21-37
110                    android:scheme="recaptcha" />
110-->[com.google.firebase:firebase-auth:20.0.0] AndroidManifest.xml:50:21-48
111            </intent-filter>
112        </activity>
113
114        <service
114-->[com.google.firebase:firebase-auth:20.0.0] AndroidManifest.xml:72:9-81:19
115            android:name="com.google.firebase.auth.api.fallback.service.FirebaseAuthFallbackService"
115-->[com.google.firebase:firebase-auth:20.0.0] AndroidManifest.xml:73:13-101
116            android:enabled="true"
116-->[com.google.firebase:firebase-auth:20.0.0] AndroidManifest.xml:74:13-35
117            android:exported="false" >
117-->[com.google.firebase:firebase-auth:20.0.0] AndroidManifest.xml:75:13-37
118            <intent-filter>
118-->[com.google.firebase:firebase-auth:20.0.0] AndroidManifest.xml:76:13-80:29
119                <action android:name="com.google.firebase.auth.api.gms.service.START" />
119-->[com.google.firebase:firebase-auth:20.0.0] AndroidManifest.xml:77:17-89
119-->[com.google.firebase:firebase-auth:20.0.0] AndroidManifest.xml:77:25-86
120
121                <category android:name="android.intent.category.DEFAULT" />
121-->[com.google.firebase:firebase-auth:20.0.0] AndroidManifest.xml:44:17-76
121-->[com.google.firebase:firebase-auth:20.0.0] AndroidManifest.xml:44:27-73
122            </intent-filter>
123        </service>
124
125        <activity
125-->[com.google.android.gms:play-services-base:17.1.0] AndroidManifest.xml:23:9-26:75
126            android:name="com.google.android.gms.common.api.GoogleApiActivity"
126-->[com.google.android.gms:play-services-base:17.1.0] AndroidManifest.xml:24:13-79
127            android:exported="false"
127-->[com.google.android.gms:play-services-base:17.1.0] AndroidManifest.xml:25:13-37
128            android:theme="@android:style/Theme.Translucent.NoTitleBar" />
128-->[com.google.android.gms:play-services-base:17.1.0] AndroidManifest.xml:26:13-72
129
130        <provider
130-->[com.google.firebase:firebase-common:19.3.1] AndroidManifest.xml:26:9-31:39
131            android:name="com.google.firebase.provider.FirebaseInitProvider"
131-->[com.google.firebase:firebase-common:19.3.1] AndroidManifest.xml:27:13-77
132            android:authorities="com.example.ibook.firebaseinitprovider"
132-->[com.google.firebase:firebase-common:19.3.1] AndroidManifest.xml:28:13-72
133            android:directBootAware="true"
133-->[com.google.firebase:firebase-common:19.3.1] AndroidManifest.xml:29:13-43
134            android:exported="false"
134-->[com.google.firebase:firebase-common:19.3.1] AndroidManifest.xml:30:13-37
135            android:initOrder="100" />
135-->[com.google.firebase:firebase-common:19.3.1] AndroidManifest.xml:31:13-36
136
137        <meta-data
137-->[com.google.android.gms:play-services-basement:17.1.0] AndroidManifest.xml:23:9-25:69
138            android:name="com.google.android.gms.version"
138-->[com.google.android.gms:play-services-basement:17.1.0] AndroidManifest.xml:24:13-58
139            android:value="@integer/google_play_services_version" />
139-->[com.google.android.gms:play-services-basement:17.1.0] AndroidManifest.xml:25:13-66
140    </application>
141
142</manifest>